2024-12-29 00:57:24,169 - WARNING - No model found for Bitcoin (bitcoin)
2024-12-29 00:57:24,169 - WARNING - No model found for Ethereum (ethereum)
2024-12-29 00:57:24,169 - WARNING - No model found for Tether (tether)
2024-12-29 00:57:24,169 - WARNING - No model found for XRP (ripple)
2024-12-29 00:57:24,169 - WARNING - No model found for BNB (binancecoin)
2024-12-29 00:57:24,169 - WARNING - No model found for Solana (solana)
2024-12-29 00:57:24,169 - WARNING - No model found for Dogecoin (dogecoin)
2024-12-29 00:57:24,169 - WARNING - No model found for USDC (usd-coin)
2024-12-29 00:57:24,169 - WARNING - No model found for Lido Staked Ether (staked-ether)
2024-12-29 00:57:24,169 - WARNING - No model found for Cardano (cardano)
2024-12-29 00:57:24,169 - WARNING - No model found for TRON (tron)
2024-12-29 00:57:24,169 - WARNING - No model found for Avalanche (avalanche-2)
2024-12-29 00:57:24,169 - WARNING - No model found for Toncoin (the-open-network)
2024-12-29 00:57:24,169 - WARNING - No model found for Wrapped stETH (wrapped-steth)
2024-12-29 00:57:24,169 - WARNING - No model found for Chainlink (chainlink)
2024-12-29 00:57:24,169 - WARNING - No model found for Shiba Inu (shiba-inu)
2024-12-29 00:57:24,169 - WARNING - No model found for Wrapped Bitcoin (wrapped-bitcoin)
2024-12-29 00:57:24,169 - WARNING - No model found for Sui (sui)
2024-12-29 00:57:24,169 - WARNING - No model found for Hedera (hedera-hashgraph)
2024-12-29 00:57:24,169 - WARNING - No model found for Polkadot (polkadot)
2024-12-29 00:57:24,169 - WARNING - No model found for Stellar (stellar)
2024-12-29 00:57:24,169 - WARNING - No model found for Bitget Token (bitget-token)
2024-12-29 00:57:24,169 - WARNING - No model found for Hyperliquid (hyperliquid)
2024-12-29 00:57:24,169 - WARNING - No model found for WETH (weth)
2024-12-29 00:57:24,169 - WARNING - No model found for Bitcoin Cash (bitcoin-cash)
2024-12-29 00:57:24,169 - WARNING - No model found for LEO Token (leo-token)
2024-12-29 00:57:24,169 - WARNING - No model found for Uniswap (uniswap)
2024-12-29 00:57:24,169 - WARNING - No model found for Pepe (pepe)
2024-12-29 00:57:24,169 - WARNING - No model found for Litecoin (litecoin)
2024-12-29 00:57:24,169 - WARNING - No model found for Wrapped eETH (wrapped-eeth)
2024-12-29 00:57:24,169 - WARNING - No model found for NEAR Protocol (near)
2024-12-29 00:57:24,169 - WARNING - No model found for Ethena USDe (ethena-usde)
2024-12-29 00:57:24,169 - WARNING - No model found for USDS (usds)
2024-12-29 00:57:24,169 - WARNING - No model found for Aave (aave)
2024-12-29 00:57:24,169 - WARNING - No model found for Aptos (aptos)
2024-12-29 00:57:24,184 - WARNING - No model found for Internet Computer (internet-computer)
2024-12-29 00:57:24,184 - WARNING - No model found for POL (ex-MATIC) (polygon-ecosystem-token)
2024-12-29 00:57:24,184 - WARNING - No model found for Mantle (mantle)
2024-12-29 00:57:24,184 - WARNING - No model found for Cronos (crypto-com-chain)
2024-12-29 00:57:24,184 - WARNING - No model found for Ethereum Classic (ethereum-classic)
2024-12-29 00:57:24,184 - WARNING - No model found for VeChain (vechain)
2024-12-29 00:57:24,184 - WARNING - No model found for Render (render-token)
2024-12-29 00:57:24,184 - WARNING - No model found for Monero (monero)
2024-12-29 00:57:24,184 - WARNING - No model found for WhiteBIT Coin (whitebit)
2024-12-29 00:57:24,184 - WARNING - No model found for Artificial Superintelligence Alliance (fetch-ai)
2024-12-29 00:57:24,184 - WARNING - No model found for MANTRA (mantra-dao)
2024-12-29 00:57:24,184 - WARNING - No model found for Bittensor (bittensor)
2024-12-29 00:57:24,184 - WARNING - No model found for Dai (dai)
2024-12-29 00:57:24,184 - WARNING - No model found for Virtuals Protocol (virtual-protocol)
2024-12-29 00:57:24,184 - WARNING - No model found for Arbitrum (arbitrum)
2024-12-29 00:57:24,184 - WARNING - No model found for Filecoin (filecoin)
2024-12-29 00:57:24,184 - WARNING - No model found for OKB (okb)
2024-12-29 00:57:24,184 - WARNING - No model found for Kaspa (kaspa)
2024-12-29 00:57:24,184 - WARNING - No model found for Algorand (algorand)
2024-12-29 00:57:24,184 - WARNING - No model found for Ethena (ethena)
2024-12-29 00:57:24,184 - WARNING - No model found for Tokenize Xchange (tokenize-xchange)
2024-12-29 00:57:24,184 - WARNING - No model found for Cosmos Hub (cosmos)
2024-12-29 00:57:24,184 - WARNING - No model found for Optimism (optimism)
2024-12-29 00:57:24,184 - WARNING - No model found for Stacks (blockstack)
2024-12-29 00:57:24,184 - WARNING - No model found for Bonk (bonk)
2024-12-29 00:57:24,184 - WARNING - No model found for Immutable (immutable-x)
2024-12-29 00:57:24,184 - WARNING - No model found for Theta Network (theta-token)
2024-12-29 00:57:24,184 - WARNING - No model found for Celestia (celestia)
2024-12-29 00:57:24,184 - WARNING - No model found for First Digital USD (first-digital-usd)
2024-12-29 00:57:24,184 - WARNING - No model found for Pudgy Penguins (pudgy-penguins)
2024-12-29 00:57:24,184 - WARNING - No model found for Movement (movement)
2024-12-29 00:57:24,184 - WARNING - No model found for Fantom (fantom)
2024-12-29 00:57:24,184 - WARNING - No model found for Ondo (ondo-finance)
2024-12-29 00:57:24,184 - WARNING - No model found for Gate (gatechain-token)
2024-12-29 00:57:24,184 - WARNING - No model found for Injective (injective-protocol)
2024-12-29 00:57:24,184 - WARNING - No model found for Binance-Peg WETH (binance-peg-weth)
2024-12-29 00:57:24,184 - WARNING - No model found for The Graph (the-graph)
2024-12-29 00:57:24,184 - WARNING - No model found for dogwifhat (dogwifcoin)
2024-12-29 00:57:24,184 - WARNING - No model found for Worldcoin (worldcoin-wld)
2024-12-29 00:57:24,200 - WARNING - No model found for Sei (sei-network)
2024-12-29 00:57:24,200 - WARNING - No model found for Usual USD (usual-usd)
2024-12-29 00:57:24,201 - WARNING - No model found for Rocket Pool ETH (rocket-pool-eth)
2024-12-29 00:57:24,201 - WARNING - No model found for FLOKI (floki)
2024-12-29 00:57:24,201 - WARNING - No model found for Kelp DAO Restaked ETH (kelp-dao-restaked-eth)
2024-12-29 00:57:24,201 - WARNING - No model found for Quant (quant-network)
2024-12-29 00:57:24,201 - WARNING - No model found for JasmyCoin (jasmycoin)
2024-12-29 00:57:24,201 - WARNING - No model found for Lido DAO (lido-dao)
2024-12-29 00:57:24,201 - WARNING - No model found for Coinbase Wrapped BTC (coinbase-wrapped-btc)
2024-12-29 00:57:24,204 - WARNING - No model found for THORChain (thorchain)
2024-12-29 00:57:24,204 - WARNING - No model found for Mantle Staked Ether (mantle-staked-ether)
2024-12-29 00:57:24,204 - WARNING - No model found for GALA (gala)
2024-12-29 00:57:24,204 - WARNING - No model found for Raydium (raydium)
2024-12-29 00:57:24,204 - WARNING - No model found for Lombard Staked BTC (lombard-staked-btc)
2024-12-29 00:57:24,204 - WARNING - No model found for Beam (beam-2)
2024-12-29 00:57:24,204 - WARNING - No model found for Flare (flare-networks)
2024-12-29 00:57:24,204 - WARNING - No model found for Tezos (tezos)
2024-12-29 00:57:24,204 - WARNING - No model found for Fasttoken (fasttoken)
2024-12-29 00:57:24,204 - WARNING - No model found for ai16z (ai16z)
2024-12-29 00:57:24,204 - WARNING - No model found for Pyth Network (pyth-network)
2024-12-29 00:57:24,204 - WARNING - No model found for The Sandbox (the-sandbox)
2024-12-29 00:57:24,204 - WARNING - No model found for Maker (maker)
2024-12-29 00:57:24,204 - WARNING - No model found for NEXO (nexo)
2024-12-29 00:57:24,204 - WARNING - No model found for Brett (based-brett)
2024-12-29 00:57:24,204 - WARNING - No model found for KuCoin (kucoin-shares)
2024-12-29 00:57:24,204 - WARNING - No model found for Curve DAO (curve-dao-token)
2024-12-29 15:22:05,141 - WARNING - No model found for Aave AAVE (aave-aave)
2024-12-29 15:22:05,141 - WARNING - No model found for Aave AMM BptBALWETH (aave-amm-bptbalweth)
2024-12-29 15:22:05,141 - WARNING - No model found for Aave AMM BptWBTCWETH (aave-amm-bptwbtcweth)
2024-12-29 15:22:05,141 - WARNING - No model found for Aave AMM DAI (aave-amm-dai)
2024-12-29 15:22:05,141 - WARNING - No model found for Aave AMM UniAAVEWETH (aave-amm-uniaaveweth)
2024-12-29 15:22:05,141 - WARNING - No model found for Aave AMM UniBATWETH (aave-amm-unibatweth)
2024-12-29 15:22:05,141 - WARNING - No model found for Aave AMM UniCRVWETH (aave-amm-unicrvweth)
2024-12-29 15:22:05,141 - WARNING - No model found for Aave AMM UniDAIUSDC (aave-amm-unidaiusdc)
2024-12-29 15:22:05,141 - WARNING - No model found for Aave AMM UniDAIWETH (aave-amm-unidaiweth)
2024-12-29 15:22:05,141 - WARNING - No model found for Aave AMM UniLINKWETH (aave-amm-unilinkweth)
2024-12-29 15:22:05,141 - WARNING - No model found for Aave AMM UniMKRWETH (aave-amm-unimkrweth)
2024-12-29 15:22:05,141 - WARNING - No model found for Aave AMM UniRENWETH (aave-amm-unirenweth)
2024-12-29 15:22:05,141 - WARNING - No model found for Aave AMM UniSNXWETH (aave-amm-unisnxweth)
2024-12-29 15:22:05,141 - WARNING - No model found for Aave AMM UniUNIWETH (aave-amm-uniuniweth)
2024-12-29 15:22:05,141 - WARNING - No model found for Bitcoin (bitcoin)
2024-12-29 15:22:05,141 - WARNING - No model found for Ethereum (ethereum)
2024-12-29 15:22:05,151 - WARNING - No model found for Tether (tether)
2024-12-29 15:22:05,151 - WARNING - No model found for XRP (ripple)
2024-12-29 15:22:05,152 - WARNING - No model found for BNB (binancecoin)
2024-12-29 15:22:05,153 - WARNING - No model found for Solana (solana)
2024-12-29 15:22:05,153 - WARNING - No model found for Dogecoin (dogecoin)
2024-12-29 15:22:05,153 - WARNING - No model found for USDC (usd-coin)
2024-12-29 15:22:05,153 - WARNING - No model found for Lido Staked Ether (staked-ether)
2024-12-29 15:22:05,154 - WARNING - No model found for Cardano (cardano)
2024-12-29 15:22:05,154 - WARNING - No model found for TRON (tron)
2024-12-29 15:22:05,155 - WARNING - No model found for Avalanche (avalanche-2)
2024-12-29 15:22:05,156 - WARNING - No model found for Toncoin (the-open-network)
2024-12-29 15:22:05,156 - WARNING - No model found for Wrapped stETH (wrapped-steth)
2024-12-29 15:22:05,157 - WARNING - No model found for Chainlink (chainlink)
2024-12-29 15:22:05,157 - WARNING - No model found for Shiba Inu (shiba-inu)
2024-12-29 15:22:05,157 - WARNING - No model found for Wrapped Bitcoin (wrapped-bitcoin)
2024-12-29 15:22:05,157 - WARNING - No model found for Sui (sui)
2024-12-29 15:22:05,159 - WARNING - No model found for Hedera (hedera-hashgraph)
2024-12-29 15:22:05,159 - WARNING - No model found for Polkadot (polkadot)
2024-12-29 15:22:05,159 - WARNING - No model found for Stellar (stellar)
2024-12-29 15:22:05,160 - WARNING - No model found for WETH (weth)
2024-12-29 15:22:05,160 - WARNING - No model found for Hyperliquid (hyperliquid)
2024-12-29 15:22:05,161 - WARNING - No model found for Bitget Token (bitget-token)
2024-12-29 15:22:05,162 - WARNING - No model found for Bitcoin Cash (bitcoin-cash)
2024-12-29 15:22:05,162 - WARNING - No model found for LEO Token (leo-token)
2024-12-29 15:22:05,163 - WARNING - No model found for Uniswap (uniswap)
2024-12-29 15:22:05,163 - WARNING - No model found for Pepe (pepe)
2024-12-29 15:22:05,163 - WARNING - No model found for Litecoin (litecoin)
2024-12-29 15:22:05,163 - WARNING - No model found for Wrapped eETH (wrapped-eeth)
2024-12-29 15:22:05,165 - WARNING - No model found for NEAR Protocol (near)
2024-12-29 15:22:05,165 - WARNING - No model found for Ethena USDe (ethena-usde)
2024-12-29 15:22:05,165 - WARNING - No model found for USDS (usds)
2024-12-29 15:22:05,165 - WARNING - No model found for Aave (aave)
2024-12-29 15:22:05,167 - WARNING - No model found for Aptos (aptos)
2024-12-29 15:22:05,167 - WARNING - No model found for Internet Computer (internet-computer)
2024-12-29 15:22:05,167 - WARNING - No model found for Mantle (mantle)
2024-12-29 15:22:05,167 - WARNING - No model found for POL (ex-MATIC) (polygon-ecosystem-token)
2024-12-29 15:22:05,168 - WARNING - No model found for Cronos (crypto-com-chain)
2024-12-29 15:22:05,168 - WARNING - No model found for Ethereum Classic (ethereum-classic)
2024-12-29 15:22:05,169 - WARNING - No model found for VeChain (vechain)
2024-12-29 15:22:05,169 - WARNING - No model found for Render (render-token)
2024-12-29 15:22:05,170 - WARNING - No model found for MANTRA (mantra-dao)
2024-12-29 15:22:05,171 - WARNING - No model found for Monero (monero)
2024-12-29 15:22:05,171 - WARNING - No model found for WhiteBIT Coin (whitebit)
2024-12-29 15:22:05,171 - WARNING - No model found for Virtuals Protocol (virtual-protocol)
2024-12-29 15:22:05,171 - WARNING - No model found for Artificial Superintelligence Alliance (fetch-ai)
2024-12-29 15:22:05,172 - WARNING - No model found for Bittensor (bittensor)
2024-12-29 15:22:05,172 - WARNING - No model found for Dai (dai)
2024-12-29 15:22:05,172 - WARNING - No model found for Arbitrum (arbitrum)
2024-12-29 15:22:05,173 - WARNING - No model found for Filecoin (filecoin)
2024-12-29 15:22:05,173 - WARNING - No model found for OKB (okb)
2024-12-29 15:22:05,173 - WARNING - No model found for Kaspa (kaspa)
2024-12-29 15:22:05,175 - WARNING - No model found for Ethena (ethena)
2024-12-29 15:22:05,175 - WARNING - No model found for Algorand (algorand)
2024-12-29 15:22:05,175 - WARNING - No model found for Tokenize Xchange (tokenize-xchange)
2024-12-29 15:22:05,175 - WARNING - No model found for Cosmos Hub (cosmos)
2024-12-29 15:22:05,176 - WARNING - No model found for Optimism (optimism)
2024-12-29 15:22:05,177 - WARNING - No model found for Stacks (blockstack)
2024-12-29 15:22:05,177 - WARNING - No model found for Bonk (bonk)
2024-12-29 15:22:05,178 - WARNING - No model found for Immutable (immutable-x)
2024-12-29 15:22:05,178 - WARNING - No model found for Theta Network (theta-token)
2024-12-29 15:22:05,178 - WARNING - No model found for Movement (movement)
2024-12-29 15:22:05,178 - WARNING - No model found for Celestia (celestia)
2024-12-29 15:22:05,179 - WARNING - No model found for Fantom (fantom)
2024-12-29 15:22:05,180 - WARNING - No model found for First Digital USD (first-digital-usd)
2024-12-29 15:22:05,181 - WARNING - No model found for Pudgy Penguins (pudgy-penguins)
2024-12-29 15:22:05,181 - WARNING - No model found for Ondo (ondo-finance)
2024-12-29 15:22:05,181 - WARNING - No model found for Binance-Peg WETH (binance-peg-weth)
2024-12-29 15:22:05,181 - WARNING - No model found for The Graph (the-graph)
2024-12-29 15:22:05,181 - WARNING - No model found for Injective (injective-protocol)
2024-12-29 15:22:05,183 - WARNING - No model found for Gate (gatechain-token)
2024-12-29 15:22:05,183 - WARNING - No model found for dogwifhat (dogwifcoin)
2024-12-29 15:22:05,184 - WARNING - No model found for Worldcoin (worldcoin-wld)
2024-12-29 15:22:05,184 - WARNING - No model found for Usual USD (usual-usd)
2024-12-29 15:22:05,184 - WARNING - No model found for Sei (sei-network)
2024-12-29 15:22:05,184 - WARNING - No model found for Rocket Pool ETH (rocket-pool-eth)
2024-12-29 15:22:05,185 - WARNING - No model found for FLOKI (floki)
2024-12-29 15:22:05,185 - WARNING - No model found for Kelp DAO Restaked ETH (kelp-dao-restaked-eth)
2024-12-29 15:22:05,186 - WARNING - No model found for Quant (quant-network)
2024-12-29 15:22:05,187 - WARNING - No model found for JasmyCoin (jasmycoin)
2024-12-29 15:22:05,187 - WARNING - No model found for Coinbase Wrapped BTC (coinbase-wrapped-btc)
2024-12-29 15:22:05,187 - WARNING - No model found for Lido DAO (lido-dao)
2024-12-29 15:22:05,188 - WARNING - No model found for THORChain (thorchain)
2024-12-29 15:22:05,188 - WARNING - No model found for Mantle Staked Ether (mantle-staked-ether)
2024-12-29 15:22:05,188 - WARNING - No model found for GALA (gala)
2024-12-29 15:22:05,189 - WARNING - No model found for Lombard Staked BTC (lombard-staked-btc)
2024-12-29 15:22:05,189 - WARNING - No model found for Raydium (raydium)
2024-12-29 15:22:05,190 - WARNING - No model found for Beam (beam-2)
2024-12-29 15:22:05,190 - WARNING - No model found for Flare (flare-networks)
2024-12-29 15:22:05,191 - WARNING - No model found for Fasttoken (fasttoken)
2024-12-29 15:22:05,191 - WARNING - No model found for ai16z (ai16z)
2024-12-29 15:22:05,192 - WARNING - No model found for Tezos (tezos)
2024-12-29 15:22:05,192 - WARNING - No model found for Pyth Network (pyth-network)
2024-12-29 15:22:05,193 - WARNING - No model found for The Sandbox (the-sandbox)
2024-12-29 15:22:05,193 - WARNING - No model found for Maker (maker)
2024-12-29 15:22:05,194 - WARNING - No model found for NEXO (nexo)
2024-12-29 15:22:05,194 - WARNING - No model found for KuCoin (kucoin-shares)
2024-12-29 15:22:05,194 - WARNING - No model found for Brett (based-brett)
2024-12-29 15:22:05,195 - WARNING - No model found for Binance Staked SOL (binance-staked-sol)
2024-12-29 15:22:05,195 - WARNING - No model found for Curve DAO (curve-dao-token)
2024-12-29 15:27:03,828 - WARNING - No model found for Aave AAVE (aave-aave)
2024-12-29 15:27:03,828 - WARNING - No model found for Aave AMM BptBALWETH (aave-amm-bptbalweth)
2024-12-29 15:27:03,828 - WARNING - No model found for Aave AMM BptWBTCWETH (aave-amm-bptwbtcweth)
2024-12-29 15:27:03,828 - WARNING - No model found for Aave AMM DAI (aave-amm-dai)
2024-12-29 15:27:03,828 - WARNING - No model found for Aave AMM UniAAVEWETH (aave-amm-uniaaveweth)
2024-12-29 15:27:03,828 - WARNING - No model found for Aave AMM UniBATWETH (aave-amm-unibatweth)
2024-12-29 15:27:03,828 - WARNING - No model found for Aave AMM UniCRVWETH (aave-amm-unicrvweth)
2024-12-29 15:27:03,828 - WARNING - No model found for Aave AMM UniDAIUSDC (aave-amm-unidaiusdc)
2024-12-29 15:27:03,828 - WARNING - No model found for Aave AMM UniDAIWETH (aave-amm-unidaiweth)
2024-12-29 15:27:03,828 - WARNING - No model found for Aave AMM UniLINKWETH (aave-amm-unilinkweth)
2024-12-29 15:27:03,828 - WARNING - No model found for Aave AMM UniMKRWETH (aave-amm-unimkrweth)
2024-12-29 15:27:03,828 - WARNING - No model found for Aave AMM UniRENWETH (aave-amm-unirenweth)
2024-12-29 15:27:03,828 - WARNING - No model found for Aave AMM UniSNXWETH (aave-amm-unisnxweth)
2024-12-29 15:27:03,828 - WARNING - No model found for Aave AMM UniUNIWETH (aave-amm-uniuniweth)
2024-12-29 15:27:03,828 - WARNING - No model found for Bitcoin (bitcoin)
2024-12-29 15:27:03,828 - WARNING - No model found for Ethereum (ethereum)
2024-12-29 15:27:03,828 - WARNING - No model found for Tether (tether)
2024-12-29 15:27:03,828 - WARNING - No model found for XRP (ripple)
2024-12-29 15:27:03,828 - WARNING - No model found for BNB (binancecoin)
2024-12-29 15:27:03,828 - WARNING - No model found for Solana (solana)
2024-12-29 15:27:03,828 - WARNING - No model found for Dogecoin (dogecoin)
2024-12-29 15:27:03,828 - WARNING - No model found for USDC (usd-coin)
2024-12-29 15:27:03,828 - WARNING - No model found for Lido Staked Ether (staked-ether)
2024-12-29 15:27:03,839 - WARNING - No model found for Cardano (cardano)
2024-12-29 15:27:03,839 - WARNING - No model found for TRON (tron)
2024-12-29 15:27:03,840 - WARNING - No model found for Avalanche (avalanche-2)
2024-12-29 15:27:03,840 - WARNING - No model found for Toncoin (the-open-network)
2024-12-29 15:27:03,841 - WARNING - No model found for Wrapped stETH (wrapped-steth)
2024-12-29 15:27:03,841 - WARNING - No model found for Chainlink (chainlink)
2024-12-29 15:27:03,842 - WARNING - No model found for Shiba Inu (shiba-inu)
2024-12-29 15:27:03,842 - WARNING - No model found for Wrapped Bitcoin (wrapped-bitcoin)
2024-12-29 15:27:03,843 - WARNING - No model found for Sui (sui)
2024-12-29 15:27:03,843 - WARNING - No model found for Hedera (hedera-hashgraph)
2024-12-29 15:27:03,843 - WARNING - No model found for Polkadot (polkadot)
2024-12-29 15:27:03,844 - WARNING - No model found for Stellar (stellar)
2024-12-29 15:27:03,844 - WARNING - No model found for WETH (weth)
2024-12-29 15:27:03,844 - WARNING - No model found for Hyperliquid (hyperliquid)
2024-12-29 15:27:03,844 - WARNING - No model found for Bitget Token (bitget-token)
2024-12-29 15:27:03,845 - WARNING - No model found for Bitcoin Cash (bitcoin-cash)
2024-12-29 15:27:03,845 - WARNING - No model found for LEO Token (leo-token)
2024-12-29 15:27:03,846 - WARNING - No model found for Uniswap (uniswap)
2024-12-29 15:27:03,846 - WARNING - No model found for Pepe (pepe)
2024-12-29 15:27:03,846 - WARNING - No model found for Litecoin (litecoin)
2024-12-29 15:27:03,848 - WARNING - No model found for Wrapped eETH (wrapped-eeth)
2024-12-29 15:27:03,848 - WARNING - No model found for NEAR Protocol (near)
2024-12-29 15:27:03,848 - WARNING - No model found for Ethena USDe (ethena-usde)
2024-12-29 15:27:03,848 - WARNING - No model found for USDS (usds)
2024-12-29 15:27:03,849 - WARNING - No model found for Aave (aave)
2024-12-29 15:27:03,849 - WARNING - No model found for Aptos (aptos)
2024-12-29 15:27:03,849 - WARNING - No model found for Internet Computer (internet-computer)
2024-12-29 15:27:03,850 - WARNING - No model found for Mantle (mantle)
2024-12-29 15:27:03,850 - WARNING - No model found for POL (ex-MATIC) (polygon-ecosystem-token)
2024-12-29 15:27:03,850 - WARNING - No model found for Cronos (crypto-com-chain)
2024-12-29 15:27:03,851 - WARNING - No model found for Ethereum Classic (ethereum-classic)
2024-12-29 15:27:03,851 - WARNING - No model found for VeChain (vechain)
2024-12-29 15:27:03,852 - WARNING - No model found for Render (render-token)
2024-12-29 15:27:03,852 - WARNING - No model found for MANTRA (mantra-dao)
2024-12-29 15:27:03,852 - WARNING - No model found for Monero (monero)
2024-12-29 15:27:03,852 - WARNING - No model found for WhiteBIT Coin (whitebit)
2024-12-29 15:27:03,854 - WARNING - No model found for Virtuals Protocol (virtual-protocol)
2024-12-29 15:27:03,854 - WARNING - No model found for Artificial Superintelligence Alliance (fetch-ai)
2024-12-29 15:27:03,854 - WARNING - No model found for Bittensor (bittensor)
2024-12-29 15:27:03,854 - WARNING - No model found for Dai (dai)
2024-12-29 15:27:03,855 - WARNING - No model found for Arbitrum (arbitrum)
2024-12-29 15:27:03,855 - WARNING - No model found for Filecoin (filecoin)
2024-12-29 15:27:03,856 - WARNING - No model found for OKB (okb)
2024-12-29 15:27:03,856 - WARNING - No model found for Kaspa (kaspa)
2024-12-29 15:27:03,857 - WARNING - No model found for Ethena (ethena)
2024-12-29 15:27:03,858 - WARNING - No model found for Algorand (algorand)
2024-12-29 15:27:03,858 - WARNING - No model found for Tokenize Xchange (tokenize-xchange)
2024-12-29 15:27:03,859 - WARNING - No model found for Cosmos Hub (cosmos)
2024-12-29 15:27:03,859 - WARNING - No model found for Optimism (optimism)
2024-12-29 15:27:03,860 - WARNING - No model found for Stacks (blockstack)
2024-12-29 15:27:03,860 - WARNING - No model found for Bonk (bonk)
2024-12-29 15:27:03,861 - WARNING - No model found for Immutable (immutable-x)
2024-12-29 15:27:03,861 - WARNING - No model found for Theta Network (theta-token)
2024-12-29 15:27:03,861 - WARNING - No model found for Movement (movement)
2024-12-29 15:27:03,861 - WARNING - No model found for Celestia (celestia)
2024-12-29 15:27:03,862 - WARNING - No model found for Fantom (fantom)
2024-12-29 15:27:03,862 - WARNING - No model found for First Digital USD (first-digital-usd)
2024-12-29 15:27:03,862 - WARNING - No model found for Pudgy Penguins (pudgy-penguins)
2024-12-29 15:27:03,864 - WARNING - No model found for Ondo (ondo-finance)
2024-12-29 15:27:03,864 - WARNING - No model found for Binance-Peg WETH (binance-peg-weth)
2024-12-29 15:27:03,864 - WARNING - No model found for The Graph (the-graph)
2024-12-29 15:27:03,865 - WARNING - No model found for Injective (injective-protocol)
2024-12-29 15:27:03,865 - WARNING - No model found for Gate (gatechain-token)
2024-12-29 15:27:03,866 - WARNING - No model found for dogwifhat (dogwifcoin)
2024-12-29 15:27:03,866 - WARNING - No model found for Worldcoin (worldcoin-wld)
2024-12-29 15:27:03,866 - WARNING - No model found for Usual USD (usual-usd)
2024-12-29 15:27:03,866 - WARNING - No model found for Sei (sei-network)
2024-12-29 15:27:03,867 - WARNING - No model found for Rocket Pool ETH (rocket-pool-eth)
2024-12-29 15:27:03,867 - WARNING - No model found for FLOKI (floki)
2024-12-29 15:27:03,867 - WARNING - No model found for Kelp DAO Restaked ETH (kelp-dao-restaked-eth)
2024-12-29 15:27:03,869 - WARNING - No model found for Quant (quant-network)
2024-12-29 15:27:03,869 - WARNING - No model found for JasmyCoin (jasmycoin)
2024-12-29 15:27:03,869 - WARNING - No model found for Coinbase Wrapped BTC (coinbase-wrapped-btc)
2024-12-29 15:27:03,870 - WARNING - No model found for Lido DAO (lido-dao)
2024-12-29 15:27:03,870 - WARNING - No model found for THORChain (thorchain)
2024-12-29 15:27:03,870 - WARNING - No model found for Mantle Staked Ether (mantle-staked-ether)
2024-12-29 15:27:03,870 - WARNING - No model found for GALA (gala)
2024-12-29 15:27:03,871 - WARNING - No model found for Lombard Staked BTC (lombard-staked-btc)
2024-12-29 15:27:03,871 - WARNING - No model found for Raydium (raydium)
2024-12-29 15:27:03,871 - WARNING - No model found for Beam (beam-2)
2024-12-29 15:27:03,872 - WARNING - No model found for Flare (flare-networks)
2024-12-29 15:27:03,872 - WARNING - No model found for Fasttoken (fasttoken)
2024-12-29 15:27:03,873 - WARNING - No model found for ai16z (ai16z)
2024-12-29 15:27:03,873 - WARNING - No model found for Tezos (tezos)
2024-12-29 15:27:03,873 - WARNING - No model found for Pyth Network (pyth-network)
2024-12-29 15:27:03,873 - WARNING - No model found for The Sandbox (the-sandbox)
2024-12-29 15:27:03,875 - WARNING - No model found for Maker (maker)
2024-12-29 15:27:03,875 - WARNING - No model found for NEXO (nexo)
2024-12-29 15:27:03,875 - WARNING - No model found for KuCoin (kucoin-shares)
2024-12-29 15:27:03,875 - WARNING - No model found for Brett (based-brett)
2024-12-29 15:27:03,875 - WARNING - No model found for Binance Staked SOL (binance-staked-sol)
2024-12-29 15:27:03,877 - WARNING - No model found for Curve DAO (curve-dao-token)
